Unity Editor version:    2021.1.21f1 (f2d5d3c59f8c)
Branch:                  2021.1/staging
Build type:              Release
Batch mode:              YES
macOS version:           Version 10.14.6 (Build 18G6020)
Darwin version:          18.7.0
Architecture:            x86_64
Running under Rosetta:   NO
Available memory:        8192 MB
Using pre-set license
Pro License: NO
Pro License: NO

COMMAND LINE ARGUMENTS:
/Applications/Unity/Hub/Editor/2020.3.18f1/Unity/2021.1.21f1/Unity.app/Contents/MacOS/Unity
-adb2
-batchMode
-noUpm
-name
AssetImportWorker1
-projectPath
/Users/Jordan/Documents/GitHub/BasicGameplay/BasicGameplay
-logFile
Logs/AssetImportWorker1.log
-srvPort
54815
Successfully changed project path to: /Users/Jordan/Documents/GitHub/BasicGameplay/BasicGameplay
/Users/Jordan/Documents/GitHub/BasicGameplay/BasicGameplay
Using Asset Import Pipeline V2.
Refreshing native plugins compatible for Editor in 406.68 ms, found 2 plugins.
Preloading 0 native plugins for Editor in 0.00 ms.
Initialize engine version: 2021.1.21f1 (f2d5d3c59f8c)
[Subsystems] Discovering subsystems at path /Applications/Unity/Hub/Editor/2020.3.18f1/Unity/2021.1.21f1/Unity.app/Contents/Resources/UnitySubsystems
[Subsystems] Discovering subsystems at path /Users/Jordan/Documents/GitHub/BasicGameplay/BasicGameplay/Assets
GfxDevice: creating device client; threaded=0; jobified=0
2021-09-30 14:43:19.113 Unity[15407:1328885] Color LCD preferred device: Intel(R) Iris(TM) Plus Graphics 640 (low power)
2021-09-30 14:43:19.113 Unity[15407:1328885] Metal devices available: 1
2021-09-30 14:43:19.113 Unity[15407:1328885] 0: Intel(R) Iris(TM) Plus Graphics 640 (low power)
2021-09-30 14:43:19.116 Unity[15407:1328885] Using device Intel(R) Iris(TM) Plus Graphics 640 (low power)
Initializing Metal device caps: Intel(R) Iris(TM) Plus Graphics 640
Initialize mono
Mono path[0] = '/Applications/Unity/Hub/Editor/2020.3.18f1/Unity/2021.1.21f1/Unity.app/Contents/Managed'
Mono path[1] = '/Applications/Unity/Hub/Editor/2020.3.18f1/Unity/2021.1.21f1/Unity.app/Contents/MonoBleedingEdge/lib/mono/unityjit'
Mono config path = '/Applications/Unity/Hub/Editor/2020.3.18f1/Unity/2021.1.21f1/Unity.app/Contents/MonoBleedingEdge/etc'
Using monoOptions --debugger-agent=transport=dt_socket,embedding=1,server=y,suspend=n,address=127.0.0.1:56407
Begin MonoManager ReloadAssembly
